=== Started 2020-06-27T23-02-33-093 ===
[INFO ][23:02:33] 418 bad words loaded
[WARN ][23:02:33] User account "Local Administrator" disabled
[WARN ][23:02:33] User account "Local Moderator" disabled
[WARN ][23:02:33] User account "Local User" disabled
[INFO ][23:02:33] 0 user records loaded.
[WARN ][23:02:33] ../src/ipbanlist.txt is missing.
[INFO ][23:02:33] [1m[32mMultiOgar-Edited 1.6.1[37m - An open source multi-protocol ogar server[0m
[INFO ][23:02:33] WebSocket: ws
[INFO ][23:02:33] Started stats server on port 88
[INFO ][23:02:33] Listening on port 443
[INFO ][23:02:33] Current game mode is Free For All
[NONE ][23:02:33]   __  __       _ _   _  ___                        _____    _ _ _           _    _   __    _ 
 |  \/  |_   _| | |_(_)/ _ \  __ _  __ _ _ __     | ____|__| (_) |_ ___  __| |  / | / /_  / |
 | |\/| | | | | | __| | | | |/ _` |/ _` | '__|____|  _| / _` | | __/ _ \/ _` |  | || '_ \ | |
 | |  | | |_| | | |_| | |_| | (_| | (_| | | |_____| |__| (_| | | ||  __/ (_| |  | || (_) || |
 |_|  |_|\__,_|_|\__|_|\___/ \__, |\__,_|_|       |_____\__,_|_|\__\___|\__,_|  |_(_)___(_)_|
                             |___/                                                           
[NONE ][23:02:33] CONNECTED 127.0.0.1:57301, origin: "http://agarvaii.xyz"
[NONE ][23:02:35] CONNECTED 127.0.0.1:57303, origin: "http://agarvaii.xyz"
